<?xml version="1.0" encoding="UTF-8"?>
<!-- Generated by org.testng.reporters.JUnitReportReporter -->
<testsuite hostname="LAPTOP-MUT6BTCS" name="Academy.validateNavigationBar" tests="1" failures="0" timestamp="1 Jul 2020 12:25:21 GMT" time="0.425" errors="0">
  <testcase name="validateAppNavBar" time="0.425" classname="Academy.validateNavigationBar"/>
</testsuite> <!-- Academy.validateNavigationBar -->
